[2021-09-01 17:50:51] local.ERROR: syntax error, unexpected identifier "initials", expecting ")" {"exception":"[object] (ParseError(code: 0): syntax error, unexpected identifier \"initials\", expecting \")\" at /srv/http/repositorio-tecnologia/database/migrations/2014_10_12_000000_create_users_table.php:21)
[stacktrace]
#0 /srv/http/repositorio-tecnologia/vendor/laravel/framework/src/Illuminate/Filesystem/Filesystem.php(131): Illuminate\\Filesystem\\Filesystem::Illuminate\\Filesystem\\{closure}()
#1 /srv/http/repositorio-tecnologia/vendor/laravel/framework/src/Illuminate/Database/Migrations/Migrator.php(519): Illuminate\\Filesystem\\Filesystem->requireOnce()
#2 /srv/http/repositorio-tecnologia/vendor/laravel/framework/src/Illuminate/Database/Migrations/Migrator.php(104): Illuminate\\Database\\Migrations\\Migrator->requireFiles()
#3 /srv/http/repositorio-tecnologia/vendor/laravel/framework/src/Illuminate/Database/Console/Migrations/MigrateCommand.php(85): Illuminate\\Database\\Migrations\\Migrator->run()
#4 /srv/http/repositorio-tecnologia/vendor/laravel/framework/src/Illuminate/Database/Migrations/Migrator.php(578): Illuminate\\Database\\Console\\Migrations\\MigrateCommand->Illuminate\\Database\\Console\\Migrations\\{closure}()
#5 /srv/http/repositorio-tecnologia/vendor/laravel/framework/src/Illuminate/Database/Console/Migrations/MigrateCommand.php(94): Illuminate\\Database\\Migrations\\Migrator->usingConnection()
#6 /srv/http/repositorio-tecnologia/vendor/laravel/framework/src/Illuminate/Container/BoundMethod.php(36): Illuminate\\Database\\Console\\Migrations\\MigrateCommand->handle()
#7 /srv/http/repositorio-tecnologia/vendor/laravel/framework/src/Illuminate/Container/Util.php(40): Illuminate\\Container\\BoundMethod::Illuminate\\Container\\{closure}()
#8 /srv/http/repositorio-tecnologia/vendor/laravel/framework/src/Illuminate/Container/BoundMethod.php(93): Illuminate\\Container\\Util::unwrapIfClosure()
#9 /srv/http/repositorio-tecnologia/vendor/laravel/framework/src/Illuminate/Container/BoundMethod.php(37): Illuminate\\Container\\BoundMethod::callBoundMethod()
#10 /srv/http/repositorio-tecnologia/vendor/laravel/framework/src/Illuminate/Container/Container.php(611): Illuminate\\Container\\BoundMethod::call()
#11 /srv/http/repositorio-tecnologia/vendor/laravel/framework/src/Illuminate/Console/Command.php(136): Illuminate\\Container\\Container->call()
#12 /srv/http/repositorio-tecnologia/vendor/symfony/console/Command/Command.php(256): Illuminate\\Console\\Command->execute()
#13 /srv/http/repositorio-tecnologia/vendor/laravel/framework/src/Illuminate/Console/Command.php(121): Symfony\\Component\\Console\\Command\\Command->run()
#14 /srv/http/repositorio-tecnologia/vendor/laravel/framework/src/Illuminate/Console/Concerns/CallsCommands.php(68): Illuminate\\Console\\Command->run()
#15 /srv/http/repositorio-tecnologia/vendor/laravel/framework/src/Illuminate/Console/Concerns/CallsCommands.php(28): Illuminate\\Console\\Command->runCommand()
#16 /srv/http/repositorio-tecnologia/vendor/laravel/framework/src/Illuminate/Database/Console/Migrations/FreshCommand.php(55): Illuminate\\Console\\Command->call()
#17 /srv/http/repositorio-tecnologia/vendor/laravel/framework/src/Illuminate/Container/BoundMethod.php(36): Illuminate\\Database\\Console\\Migrations\\FreshCommand->handle()
#18 /srv/http/repositorio-tecnologia/vendor/laravel/framework/src/Illuminate/Container/Util.php(40): Illuminate\\Container\\BoundMethod::Illuminate\\Container\\{closure}()
#19 /srv/http/repositorio-tecnologia/vendor/laravel/framework/src/Illuminate/Container/BoundMethod.php(93): Illuminate\\Container\\Util::unwrapIfClosure()
#20 /srv/http/repositorio-tecnologia/vendor/laravel/framework/src/Illuminate/Container/BoundMethod.php(37): Illuminate\\Container\\BoundMethod::callBoundMethod()
#21 /srv/http/repositorio-tecnologia/vendor/laravel/framework/src/Illuminate/Container/Container.php(611): Illuminate\\Container\\BoundMethod::call()
#22 /srv/http/repositorio-tecnologia/vendor/laravel/framework/src/Illuminate/Console/Command.php(136): Illuminate\\Container\\Container->call()
#23 /srv/http/repositorio-tecnologia/vendor/symfony/console/Command/Command.php(256): Illuminate\\Console\\Command->execute()
#24 /srv/http/repositorio-tecnologia/vendor/laravel/framework/src/Illuminate/Console/Command.php(121): Symfony\\Component\\Console\\Command\\Command->run()
#25 /srv/http/repositorio-tecnologia/vendor/symfony/console/Application.php(971): Illuminate\\Console\\Command->run()
#26 /srv/http/repositorio-tecnologia/vendor/symfony/console/Application.php(290): Symfony\\Component\\Console\\Application->doRunCommand()
#27 /srv/http/repositorio-tecnologia/vendor/symfony/console/Application.php(166): Symfony\\Component\\Console\\Application->doRun()
#28 /srv/http/repositorio-tecnologia/vendor/laravel/framework/src/Illuminate/Console/Application.php(92): Symfony\\Component\\Console\\Application->run()
#29 /srv/http/repositorio-tecnologia/vendor/laravel/framework/src/Illuminate/Foundation/Console/Kernel.php(129): Illuminate\\Console\\Application->run()
#30 /srv/http/repositorio-tecnologia/artisan(37): Illuminate\\Foundation\\Console\\Kernel->handle()
#31 {main}
"} 
[2021-09-01 18:54:20] local.ERROR: SQLSTATE[42S22]: Column not found: 1054 Unknown column 'lastname' in 'field list' (SQL: insert into `users` (`name`, `lastname`, `role`, `initials`, `carrer`, `carnet`, `email`, `password`) values (CARLOS JER贸NIMO, L贸PEZ CONTO, ADMIN, CC, ELECTRONICA, 15047113, admin@admin, $2y$10$b3qJPE73CjTP9068B//XSONRuCK0wWAFPWsZ5r8i9xa2pkWFoPaNO)) {"exception":"[object] (Illuminate\\Database\\QueryException(code: 42S22): SQLSTATE[42S22]: Column not found: 1054 Unknown column 'lastname' in 'field list' (SQL: insert into `users` (`name`, `lastname`, `role`, `initials`, `carrer`, `carnet`, `email`, `password`) values (CARLOS JER贸NIMO, L贸PEZ CONTO, ADMIN, CC, ELECTRONICA, 15047113, admin@admin, $2y$10$b3qJPE73CjTP9068B//XSONRuCK0wWAFPWsZ5r8i9xa2pkWFoPaNO)) at /var/www/html/repositorio/vendor/laravel/framework/src/Illuminate/Database/Connection.php:678)
[stacktrace]
#0 /var/www/html/repositorio/vendor/laravel/framework/src/Illuminate/Database/Connection.php(638): Illuminate\\Database\\Connection->runQueryCallback()
#1 /var/www/html/repositorio/vendor/laravel/framework/src/Illuminate/Database/Connection.php(472): Illuminate\\Database\\Connection->run()
#2 /var/www/html/repositorio/vendor/laravel/framework/src/Illuminate/Database/Connection.php(424): Illuminate\\Database\\Connection->statement()
#3 /var/www/html/repositorio/vendor/laravel/framework/src/Illuminate/Database/Query/Builder.php(2909): Illuminate\\Database\\Connection->insert()
#4 /var/www/html/repositorio/database/seeders/UserSeeder.php(27): Illuminate\\Database\\Query\\Builder->insert()
#5 /var/www/html/repositorio/vendor/laravel/framework/src/Illuminate/Container/BoundMethod.php(36): Database\\Seeders\\UserSeeder->run()
#6 /var/www/html/repositorio/vendor/laravel/framework/src/Illuminate/Container/Util.php(40): Illuminate\\Container\\BoundMethod::Illuminate\\Container\\{closure}()
#7 /var/www/html/repositorio/vendor/laravel/framework/src/Illuminate/Container/BoundMethod.php(93): Illuminate\\Container\\Util::unwrapIfClosure()
#8 /var/www/html/repositorio/vendor/laravel/framework/src/Illuminate/Container/BoundMethod.php(37): Illuminate\\Container\\BoundMethod::callBoundMethod()
#9 /var/www/html/repositorio/vendor/laravel/framework/src/Illuminate/Container/Container.php(611): Illuminate\\Container\\BoundMethod::call()
#10 /var/www/html/repositorio/vendor/laravel/framework/src/Illuminate/Database/Seeder.php(149): Illuminate\\Container\\Container->call()
#11 /var/www/html/repositorio/vendor/laravel/framework/src/Illuminate/Database/Console/Seeds/SeedCommand.php(66): Illuminate\\Database\\Seeder->__invoke()
#12 /var/www/html/repositorio/vendor/laravel/framework/src/Illuminate/Database/Eloquent/Concerns/GuardsAttributes.php(157): Illuminate\\Database\\Console\\Seeds\\SeedCommand->Illuminate\\Database\\Console\\Seeds\\{closure}()
#13 /var/www/html/repositorio/vendor/laravel/framework/src/Illuminate/Database/Console/Seeds/SeedCommand.php(67): Illuminate\\Database\\Eloquent\\Model::unguarded()
#14 /var/www/html/repositorio/vendor/laravel/framework/src/Illuminate/Container/BoundMethod.php(36): Illuminate\\Database\\Console\\Seeds\\SeedCommand->handle()
#15 /var/www/html/repositorio/vendor/laravel/framework/src/Illuminate/Container/Util.php(40): Illuminate\\Container\\BoundMethod::Illuminate\\Container\\{closure}()
#16 /var/www/html/repositorio/vendor/laravel/framework/src/Illuminate/Container/BoundMethod.php(93): Illuminate\\Container\\Util::unwrapIfClosure()
#17 /var/www/html/repositorio/vendor/laravel/framework/src/Illuminate/Container/BoundMethod.php(37): Illuminate\\Container\\BoundMethod::callBoundMethod()
#18 /var/www/html/repositorio/vendor/laravel/framework/src/Illuminate/Container/Container.php(611): Illuminate\\Container\\BoundMethod::call()
#19 /var/www/html/repositorio/vendor/laravel/framework/src/Illuminate/Console/Command.php(136): Illuminate\\Container\\Container->call()
#20 /var/www/html/repositorio/vendor/symfony/console/Command/Command.php(256): Illuminate\\Console\\Command->execute()
#21 /var/www/html/repositorio/vendor/laravel/framework/src/Illuminate/Console/Command.php(121): Symfony\\Component\\Console\\Command\\Command->run()
#22 /var/www/html/repositorio/vendor/symfony/console/Application.php(971): Illuminate\\Console\\Command->run()
#23 /var/www/html/repositorio/vendor/symfony/console/Application.php(290): Symfony\\Component\\Console\\Application->doRunCommand()
#24 /var/www/html/repositorio/vendor/symfony/console/Application.php(166): Symfony\\Component\\Console\\Application->doRun()
#25 /var/www/html/repositorio/vendor/laravel/framework/src/Illuminate/Console/Application.php(92): Symfony\\Component\\Console\\Application->run()
#26 /var/www/html/repositorio/vendor/laravel/framework/src/Illuminate/Foundation/Console/Kernel.php(129): Illuminate\\Console\\Application->run()
#27 /var/www/html/repositorio/artisan(37): Illuminate\\Foundation\\Console\\Kernel->handle()
#28 {main}

[previous exception] [object] (PDOException(code: 42S22): SQLSTATE[42S22]: Column not found: 1054 Unknown column 'lastname' in 'field list' at /var/www/html/repositorio/vendor/laravel/framework/src/Illuminate/Database/Connection.php:465)
[stacktrace]
#0 /var/www/html/repositorio/vendor/laravel/framework/src/Illuminate/Database/Connection.php(465): PDO->prepare()
#1 /var/www/html/repositorio/vendor/laravel/framework/src/Illuminate/Database/Connection.php(671): Illuminate\\Database\\Connection->Illuminate\\Database\\{closure}()
#2 /var/www/html/repositorio/vendor/laravel/framework/src/Illuminate/Database/Connection.php(638): Illuminate\\Database\\Connection->runQueryCallback()
#3 /var/www/html/repositorio/vendor/laravel/framework/src/Illuminate/Database/Connection.php(472): Illuminate\\Database\\Connection->run()
#4 /var/www/html/repositorio/vendor/laravel/framework/src/Illuminate/Database/Connection.php(424): Illuminate\\Database\\Connection->statement()
#5 /var/www/html/repositorio/vendor/laravel/framework/src/Illuminate/Database/Query/Builder.php(2909): Illuminate\\Database\\Connection->insert()
#6 /var/www/html/repositorio/database/seeders/UserSeeder.php(27): Illuminate\\Database\\Query\\Builder->insert()
#7 /var/www/html/repositorio/vendor/laravel/framework/src/Illuminate/Container/BoundMethod.php(36): Database\\Seeders\\UserSeeder->run()
#8 /var/www/html/repositorio/vendor/laravel/framework/src/Illuminate/Container/Util.php(40): Illuminate\\Container\\BoundMethod::Illuminate\\Container\\{closure}()
#9 /var/www/html/repositorio/vendor/laravel/framework/src/Illuminate/Container/BoundMethod.php(93): Illuminate\\Container\\Util::unwrapIfClosure()
#10 /var/www/html/repositorio/vendor/laravel/framework/src/Illuminate/Container/BoundMethod.php(37): Illuminate\\Container\\BoundMethod::callBoundMethod()
#11 /var/www/html/repositorio/vendor/laravel/framework/src/Illuminate/Container/Container.php(611): Illuminate\\Container\\BoundMethod::call()
#12 /var/www/html/repositorio/vendor/laravel/framework/src/Illuminate/Database/Seeder.php(149): Illuminate\\Container\\Container->call()
#13 /var/www/html/repositorio/vendor/laravel/framework/src/Illuminate/Database/Console/Seeds/SeedCommand.php(66): Illuminate\\Database\\Seeder->__invoke()
#14 /var/www/html/repositorio/vendor/laravel/framework/src/Illuminate/Database/Eloquent/Concerns/GuardsAttributes.php(157): Illuminate\\Database\\Console\\Seeds\\SeedCommand->Illuminate\\Database\\Console\\Seeds\\{closure}()
#15 /var/www/html/repositorio/vendor/laravel/framework/src/Illuminate/Database/Console/Seeds/SeedCommand.php(67): Illuminate\\Database\\Eloquent\\Model::unguarded()
#16 /var/www/html/repositorio/vendor/laravel/framework/src/Illuminate/Container/BoundMethod.php(36): Illuminate\\Database\\Console\\Seeds\\SeedCommand->handle()
#17 /var/www/html/repositorio/vendor/laravel/framework/src/Illuminate/Container/Util.php(40): Illuminate\\Container\\BoundMethod::Illuminate\\Container\\{closure}()
#18 /var/www/html/repositorio/vendor/laravel/framework/src/Illuminate/Container/BoundMethod.php(93): Illuminate\\Container\\Util::unwrapIfClosure()
#19 /var/www/html/repositorio/vendor/laravel/framework/src/Illuminate/Container/BoundMethod.php(37): Illuminate\\Container\\BoundMethod::callBoundMethod()
#20 /var/www/html/repositorio/vendor/laravel/framework/src/Illuminate/Container/Container.php(611): Illuminate\\Container\\BoundMethod::call()
#21 /var/www/html/repositorio/vendor/laravel/framework/src/Illuminate/Console/Command.php(136): Illuminate\\Container\\Container->call()
#22 /var/www/html/repositorio/vendor/symfony/console/Command/Command.php(256): Illuminate\\Console\\Command->execute()
#23 /var/www/html/repositorio/vendor/laravel/framework/src/Illuminate/Console/Command.php(121): Symfony\\Component\\Console\\Command\\Command->run()
#24 /var/www/html/repositorio/vendor/symfony/console/Application.php(971): Illuminate\\Console\\Command->run()
#25 /var/www/html/repositorio/vendor/symfony/console/Application.php(290): Symfony\\Component\\Console\\Application->doRunCommand()
#26 /var/www/html/repositorio/vendor/symfony/console/Application.php(166): Symfony\\Component\\Console\\Application->doRun()
#27 /var/www/html/repositorio/vendor/laravel/framework/src/Illuminate/Console/Application.php(92): Symfony\\Component\\Console\\Application->run()
#28 /var/www/html/repositorio/vendor/laravel/framework/src/Illuminate/Foundation/Console/Kernel.php(129): Illuminate\\Console\\Application->run()
#29 /var/www/html/repositorio/artisan(37): Illuminate\\Foundation\\Console\\Kernel->handle()
#30 {main}
"} 
